[00:04:16] [Server thread/INFO]: [Server Log]: The folder 'plugins/ServerLog/Compiled Log' has been created...
[00:04:16] [Server thread/INFO]: [Server Log]: The folder 'plugins/ServerLog/Server Information' has been created...
[00:04:16] [Server thread/INFO]: [Server Log]: The folder 'plugins/ServerLog/Server Information/TPS' has been created...
[00:04:16] [Server thread/INFO]: [Server Log]: The folder 'plugins/ServerLog/Server Information/Ram Usage' has been created...
[00:04:16] [Server thread/INFO]: [Server Log]: The folder 'plugins/ServerLog/Server Information/Player Count' has been created...
[00:04:16] [Server thread/INFO]: [Server Log]: The folder 'plugins/ServerLog/Server Information/Entity Count' has been created...
[00:04:16] [Server thread/INFO]: [Server Log]: The folder 'plugins/ServerLog/Server Information/Entity Count/HUB' has been created...
[00:04:16] [Server thread/INFO]: [Server Log]: The folder 'plugins/ServerLog/Server Information/Chunks Loaded' has been created...
[00:04:16] [Server thread/INFO]: [Server Log]: The folder 'plugins/ServerLog/Server Information/Chunks Loaded/HUB' has been created...
[00:04:16] [Server thread/INFO]: [Server Log]: The folder 'plugins/ServerLog/Activity' has been created...
[00:04:16] [Server thread/INFO]: [Server Log]: The folder 'plugins/ServerLog/Activity/Player Join' has been created...
[00:04:16] [Server thread/INFO]: [Server Log]: The folder 'plugins/ServerLog/Activity/Player Quit' has been created...
[00:04:16] [Server thread/INFO]: [Server Log]: The folder 'plugins/ServerLog/Activity/Player Kick' has been created...
[00:04:16] [Server thread/INFO]: [Server Log]: The folder 'plugins/ServerLog/Blocks' has been created...
[00:04:16] [Server thread/INFO]: [Server Log]: The folder 'plugins/ServerLog/Blocks/Block Place' has been created...
[00:04:16] [Server thread/INFO]: [Server Log]: The folder 'plugins/ServerLog/Blocks/Block Break' has been created...
[00:04:16] [Server thread/INFO]: [Server Log]: The folder 'plugins/ServerLog/Blocks/Empty Bucket' has been created...
[00:04:16] [Server thread/INFO]: [Server Log]: The folder 'plugins/ServerLog/Chat' has been created...
[00:04:16] [Server thread/INFO]: [Server Log]: The folder 'plugins/ServerLog/Commands' has been created...
[00:04:16] [Server thread/INFO]: [Server Log]: The folder 'plugins/ServerLog/Items' has been created...
[00:04:16] [Server thread/INFO]: [Server Log]: The folder 'plugins/ServerLog/Items/Item Pickup' has been created...
[00:04:16] [Server thread/INFO]: [Server Log]: The folder 'plugins/ServerLog/Items/Item Drop' has been created...
[00:04:16] [Server thread/INFO]: [Server Log]: The folder 'plugins/ServerLog/Players' has been created...
[00:04:16] [Server thread/INFO]: [Server Log]: The folder 'plugins/ServerLog/Players/Death' has been created...
[00:04:16] [Server thread/INFO]: [Server Log]: The folder 'plugins/ServerLog/Players/Spawn Mob Egg' has been created...
[00:04:16] [Server thread/INFO]: [Server Log]: The folder 'plugins/ServerLog/Players/Gamemode Change' has been created...
[00:04:16] [Server thread/INFO]: [Server Log]: The folder 'plugins/ServerLog/Players/Respawn' has been created...
[00:04:16] [Server thread/INFO]: [Server Log]: The folder 'plugins/ServerLog/Players/Teleport' has been created...
[00:04:16] [Server thread/INFO]: [Server Log]: The folder 'plugins/ServerLog/Custom APIs' has been created...
[00:04:16] [Server thread/INFO]: [Server Log]: The folder 'plugins/ServerLog/Custom APIs/Vouchers' has been created...
[00:04:16] [Server thread/INFO]: [Server Log]: All files have been initiated...
[00:09:36] [Server thread/INFO]: [MyCmd] Checking MySql Connection
[01:29:36] [Server thread/INFO]: [MyCmd] Checking MySql Connection
[02:09:16] [Craft Scheduler Thread - 18864/INFO]: [Vault] Checking for Updates ... 
[02:09:17] [Craft Scheduler Thread - 18864/INFO]: [Vault] No new version available
[02:49:36] [Server thread/INFO]: [MyCmd] Checking MySql Connection
[04:09:36] [Server thread/INFO]: [MyCmd] Checking MySql Connection
[05:29:36] [Server thread/INFO]: [MyCmd] Checking MySql Connection
[06:49:36] [Server thread/INFO]: [MyCmd] Checking MySql Connection
[08:09:16] [Craft Scheduler Thread - 19233/INFO]: [Vault] Checking for Updates ... 
[08:09:17] [Craft Scheduler Thread - 19233/INFO]: [Vault] No new version available
[08:09:36] [Server thread/INFO]: [MyCmd] Checking MySql Connection
[08:39:16] [Craft Scheduler Thread - 19259/INFO]: [LibsDisguises] Now looking for update on Github..
[09:29:36] [Server thread/INFO]: [MyCmd] Checking MySql Connection
[10:49:36] [Server thread/INFO]: [MyCmd] Checking MySql Connection
[12:09:36] [Server thread/INFO]: [MyCmd] Checking MySql Connection
[13:29:36] [Server thread/INFO]: [MyCmd] Checking MySql Connection
[14:09:16] [Craft Scheduler Thread - 19601/INFO]: [Vault] Checking for Updates ... 
[14:09:17] [Craft Scheduler Thread - 19601/INFO]: [Vault] No new version available
[14:49:36] [Server thread/INFO]: [MyCmd] Checking MySql Connection
[16:09:36] [Server thread/INFO]: [MyCmd] Checking MySql Connection
[17:29:36] [Server thread/INFO]: [MyCmd] Checking MySql Connection
[18:49:36] [Server thread/INFO]: [MyCmd] Checking MySql Connection
